d:\windows helper\main folders\desktop\elrouby decrypted desktop plus\eddsupport\x64\debug\eddsupport.pch
d:\windows helper\main folders\desktop\elrouby decrypted desktop plus\eddsupport\x64\debug\vc143.pdb
d:\windows helper\main folders\desktop\elrouby decrypted desktop plus\eddsupport\x64\debug\vc143.idb
d:\windows helper\main folders\desktop\elrouby decrypted desktop plus\eddsupport\x64\debug\pch.obj
d:\windows helper\main folders\desktop\elrouby decrypted desktop plus\eddsupport\x64\debug\mainexport.obj
d:\windows helper\main folders\desktop\elrouby decrypted desktop plus\eddsupport\x64\debug\dllmain.obj
d:\windows helper\main folders\desktop\elrouby decrypted desktop plus\eddsupport\x64\debug\crypto.obj
d:\windows helper\main folders\desktop\elrouby decrypted desktop plus\eddplus\bin\debug\net9.0-windows\eddsupport.dll
d:\windows helper\main folders\desktop\elrouby decrypted desktop plus\eddplus\bin\debug\net9.0-windows\eddsupport.pdb
d:\windows helper\main folders\desktop\elrouby decrypted desktop plus\eddplus\bin\debug\net9.0-windows\eddsupport.lib
d:\windows helper\main folders\desktop\elrouby decrypted desktop plus\eddplus\bin\debug\net9.0-windows\eddsupport.exp
d:\windows helper\main folders\desktop\elrouby decrypted desktop plus\eddsupport\x64\debug\eddsupport.ilk
d:\windows helper\main folders\desktop\elrouby decrypted desktop plus\eddsupport\x64\debug\eddsupport.tlog\cl.command.1.tlog
d:\windows helper\main folders\desktop\elrouby decrypted desktop plus\eddsupport\x64\debug\eddsupport.tlog\cl.items.tlog
d:\windows helper\main folders\desktop\elrouby decrypted desktop plus\eddsupport\x64\debug\eddsupport.tlog\cl.read.1.tlog
d:\windows helper\main folders\desktop\elrouby decrypted desktop plus\eddsupport\x64\debug\eddsupport.tlog\cl.write.1.tlog
d:\windows helper\main folders\desktop\elrouby decrypted desktop plus\eddsupport\x64\debug\eddsupport.tlog\link.command.1.tlog
d:\windows helper\main folders\desktop\elrouby decrypted desktop plus\eddsupport\x64\debug\eddsupport.tlog\link.read.1.tlog
d:\windows helper\main folders\desktop\elrouby decrypted desktop plus\eddsupport\x64\debug\eddsupport.tlog\link.secondary.1.tlog
d:\windows helper\main folders\desktop\elrouby decrypted desktop plus\eddsupport\x64\debug\eddsupport.tlog\link.write.1.tlog
